Pushed 264 files at 10:09:56 AM.
└─ 00_Main.js
└─ 00a_Version.js
└─ 00c_SetupSectionGuard.js
└─ 00d_InputSnapshot.js
└─ 00e_InputsHash.js
└─ 01_ReadInputs.js
└─ 01a_ReadInputsBess.js
└─ 01b_RunBessStep.js
└─ 01c_ReadInputsPv.js
└─ 01d_SetupInputProjectPv.js
└─ 02_LoadDB.js
└─ 02a_DesignTokens.js
└─ 02b_LayoutPrimitives.js
└─ 02c_InputMap.js
└─ 02d_InputIO.js
└─ 02e_InputSetup.js
└─ 02f_RepairCostRanges.js
└─ 02g_RepairCfeSimulationTotals.js
└─ 02h_RepairCfeSimulationCapacidad.js
└─ 02i_SetupBessSimulationSteady.js
└─ 02j_RepairFinanceSlideCfeSource.js
└─ 02k_RepairFinanceModel.js
└─ 02l_FinanceMarketMetrics.js
└─ 02m_FinanceFinalize.js
└─ 03_ElecTables.js
└─ 04_CalcDC.js
└─ 04a_CalcCFEBill.js
└─ 05_CalcAC.js
└─ 06_CalcLayout.js
└─ 09_Validate.js
└─ 09b_OutputValidate.js
└─ 09c_InstallCostSanity.js
└─ 09d_ConsistencyGuard.js
└─ 10_Logger.js
└─ 11_HelioscopImport.js
└─ 12_ExportPDF.js
└─ 13_CalcInstallCost.js
└─ 17_CalcBessSizing.js
└─ 18_CalcBessCircuit.js
└─ 19_RunBessSuggestion.js
└─ 19b_WriteBessRecommendations.js
└─ 20_CalcHourlySimulation.js
└─ 20a_RunHourlySimulation.js
└─ 20b_PlanMonthlyBessSchedule.js
└─ 20b_WriteAuthoritativeCfeSavings.js
└─ 21_BessPickerWiring.js
└─ 22_CalcBessBosQuantities.js
└─ 23_CalcBessVoltageDrop.js
└─ 24_CalcBessNomChecks.js
└─ 25_CalcBessWearCost.js
└─ 26_RunBessAutoOptimize.js
└─ 27_CalcResilienceValue.js
└─ 27a_SetupInputBessResilience.js
└─ 27b_RepairResilienceCollision.js
└─ 28_CalcExistingPvShape.js
└─ 29_CalcCaptureNetValue.js
└─ 30_CalcBaasEconomics.js
└─ 30a_ReadInputsBaas.js
└─ 30b_RunBaasProjection.js
└─ 31_CalcClientFinancials.js
└─ 31a_RunClientFinancials.js
└─ 32_CalcValorDeCompra.js
└─ 33_CalcProjectStatus.js
└─ 34_CalcStructureCost.js
└─ 35_CalcBomCompleteness.js
└─ 36_CalcStatusRules.js
└─ 37_CalcProvenance.js
└─ 97_InputAudit.js
└─ 98_InputDesignDescriptions.js
└─ appsscript.json
└─ templates\RfqRegistry.js
└─ templates\setupBomTemplate.js
└─ templates\setupCfeOutputTemplate.js
└─ templates\setupInstallationTemplate.js
└─ templates\setupMdcTemplate.js
└─ templates\setupProjectCardTemplate.js
└─ templates\setupRfqTemplate.js
└─ templates\TemplateRegistry.js
└─ test\CULLIGAN_BASELINE_fixture.gs
└─ test\TestAssert.gs
└─ test\TestData.gs
└─ test\TestFixtures.gs
└─ test\TestProjects.gs
└─ test\TestRegistry.gs
└─ test\TestResults.gs
└─ test\TestRunner.gs
└─ test\TestSheetBackup.gs
└─ test\ZeroExportArbitrageE2E.gs
└─ tests_integration\calc\PlannerToExecutorIntegrationTests.gs
└─ tests_integration\consistency\ConsistencyLiveTests.gs
└─ tests_integration\db\BatteryDbReaderTests.gs
└─ tests_integration\engine\CfeSimRepairTests.gs
└─ tests_integration\engine\LifecycleTests.gs
└─ tests_integration\engine\RunBdf7Tests.gs
└─ tests_integration\engine\RunBessStepCircuitTests.gs
└─ tests_integration\engine\RunBessStepTests.gs
└─ tests_integration\engine\RunHourlySimulationTests.gs
└─ tests_integration\engine\ValidationOptimizerTopologyTests.gs
└─ tests_integration\engine\ValidationRulesTests.gs
└─ tests_integration\inputs\BessCouplingReaderTests.gs
└─ tests_integration\inputs\BessDropdownSyncTests.gs
└─ tests_integration\inputs\BessVoltageReaderTests.gs
└─ tests_integration\inputs\ReadInputBessTests.gs
└─ tests_integration\templates\LoadOrderProbe.gs
└─ tests_integration\templates\SetupMdcTemplateTests.gs
└─ tests_integration\writers_v2\WriteBessRecommendationsTests.gs
└─ tests_regression\InputDesignDescriptionsTests.gs
└─ tests_regression\inputs\BessCapexUnifyTests.gs
└─ tests_regression\inputs\BessEconomicsReadersMigrationTests.gs
└─ tests_regression\inputs\BessInstallContextMigrationTests.gs
└─ tests_regression\inputs\BessLayoutContractTests.gs
└─ tests_regression\inputs\BessS5SetupMapDrivenTests.gs
└─ tests_regression\inputs\BessS6SetupMapDrivenTests.gs
└─ tests_regression\inputs\BessSpecMigrationTests.gs
└─ tests_regression\inputs\BessStylingMapDrivenTests.gs
└─ tests_regression\inputs\BessVoltageUnifyTests.gs
└─ tests_regression\inputs\CfeFullBillMigrationTests.gs
└─ tests_regression\inputs\CfeHourlyContextMigrationTests.gs
└─ tests_regression\inputs\CfeReadersMigrationTests.gs
└─ tests_regression\inputs\InputMapBessS6CoverageTests.gs
└─ tests_regression\inputs\InputMapCfeCoverageTests.gs
└─ tests_regression\inputs\InputProtectionTests.gs
└─ tests_regression\inputs\SeedMechanismTests.gs
└─ tests_regression\Pass1QuantityRegressionTests.gs
└─ tests_regression\Pass2DistancePass4OptimizerTests.gs
└─ tests_regression\Pass3InstallMhRegressionTests.gs
└─ tests_regression\Pass4ElectricalTests.gs
└─ tests_regression\Pass5HygieneTests.gs
└─ tests_regression\Pass6TrustTests.gs
└─ tests_regression\sheet_formulas\BessSimulationFormulasTests.gs
└─ tests_regression\v2\ApiOutputConsistencyTests.gs
└─ tests_regression\v2\BomCompletenessCulliganTests.gs
└─ tests_regression\v2\CfeBaseAndSavingsConsistencyTests.gs
└─ tests_regression\v2\ClientFinancialsCulliganTests.gs
└─ tests_regression\v2\CrossTabConsistencyTests.gs
└─ tests_regression\v2\CulliganBaselineV2Tests.gs
└─ tests_regression\v2\InstallRoleMhCulliganTests.gs
└─ tests_regression\v2\InterconnModeConsistentTests.gs
└─ tests_regression\v2\ProjectStatusCulliganTests.gs
└─ tests_regression\v2\ProvenanceCulliganTests.gs
└─ tests_regression\v2\StatusRulesCulliganTests.gs
└─ tests_regression\v2\StructureCostCulliganTests.gs
└─ tests_regression\ValidationOptimizerSkipTests.gs
└─ tests_regression\ZeroExportArbitrageFixtureTests.gs
└─ tests_unit\calc\BaasEconomicsTests.gs
└─ tests_unit\calc\BaasWiringTests.gs
└─ tests_unit\calc\BessAutoOptimizeTests.gs
└─ tests_unit\calc\BessDispatchStrategyTests.gs
└─ tests_unit\calc\BessExecutorTests.gs
└─ tests_unit\calc\BessGridChargeDecisionTests.gs
└─ tests_unit\calc\BessWearCostTests.gs
└─ tests_unit\calc\BessZeroExportArchetypeTests.gs
└─ tests_unit\calc\BomCompletenessTests.gs
└─ tests_unit\calc\BomMemoriaTraceTests.gs
└─ tests_unit\calc\BomOptimizerSelectionTests.gs
└─ tests_unit\calc\CalcAcStatusBugTests.gs
└─ tests_unit\calc\CalcAcTests.gs
└─ tests_unit\calc\CalcBdf10Tests.gs
└─ tests_unit\calc\CalcBdf11Tests.gs
└─ tests_unit\calc\CalcBdf71Tests.gs
└─ tests_unit\calc\CalcBdf8Tests.gs
└─ tests_unit\calc\CalcBdf9Tests.gs
└─ tests_unit\calc\CalcBessBosTests.gs
└─ tests_unit\calc\CalcBessCircuitTests.gs
└─ tests_unit\calc\CalcBessImpactTests.gs
└─ tests_unit\calc\CalcBessInstallTests.gs
└─ tests_unit\calc\CalcBessSizingTests.gs
└─ tests_unit\calc\CalcCfeBillTests.gs
└─ tests_unit\calc\CalcConductorVdropTests.gs
└─ tests_unit\calc\CalcDcTests.gs
└─ tests_unit\calc\CalcDcVdropBasisTests.gs
└─ tests_unit\calc\CalcHourlySimulationTests.gs
└─ tests_unit\calc\CalcLayoutDcWireTests.gs
└─ tests_unit\calc\CalcPeakShavingTests.gs
└─ tests_unit\calc\CaptureNetValueTests.gs
└─ tests_unit\calc\CfeBaselineSavingsTests.gs
└─ tests_unit\calc\ClientFinancialsTests.gs
└─ tests_unit\calc\ClientFinWiringTests.gs
└─ tests_unit\calc\ExistingPvCaptureTests.gs
└─ tests_unit\calc\InstallLaborBurdenTests.gs
└─ tests_unit\calc\InstallReclassTests.gs
└─ tests_unit\calc\InstallRoleMhTests.gs
└─ tests_unit\calc\PlanMonthlyBessScheduleTests.gs
└─ tests_unit\calc\ProjectStatusTests.gs
└─ tests_unit\calc\ProvenanceTests.gs
└─ tests_unit\calc\PvScenarioTests.gs
└─ tests_unit\calc\ResilienceValueTests.gs
└─ tests_unit\calc\SetupInputProjectPvTests.gs
└─ tests_unit\calc\StatusRulesTests.gs
└─ tests_unit\calc\StructureCostTests.gs
└─ tests_unit\calc\TraySizingTests.gs
└─ tests_unit\calc\ValidateRatioWarnBugTests.gs
└─ tests_unit\calc\ValorDeCompraTests.gs
└─ tests_unit\consistency\ConsistencyGuardHardeningTests.gs
└─ tests_unit\consistency\ConsistencyGuardTests.gs
└─ tests_unit\consistency\ConsistencyRegistryTests.gs
└─ tests_unit\engine\AuthoritativeCfeSavingsTests.gs
└─ tests_unit\engine\InputsHashTests.gs
└─ tests_unit\engine\InstallCostSanityTests.gs
└─ tests_unit\engine\OutputValidateTests.gs
└─ tests_unit\engine\RefreshBessStrategyDropdownTests.gs
└─ tests_unit\exports\PdfExportRegistryTests.gs
└─ tests_unit\inputs\BessAuthoritativeCtxTests.gs
└─ tests_unit\inputs\BessCouplingResolverTests.gs
└─ tests_unit\inputs\BessVoltageResolverTests.gs
└─ tests_unit\inputs\HelioImportInverterTests.gs
└─ tests_unit\inputs\InputSnapshotHygieneTests.gs
└─ tests_unit\inputs\RebuildStepOwnershipTests.gs
└─ tests_unit\inputs\RenderInputRowColCTests.gs
└─ tests_unit\inputs\RepairCycleTests.gs
└─ tests_unit\inputs\SectionHeaderCollisionTests.gs
└─ tests_unit\PdfExportConfigTests.gs
└─ tests_unit\PdfExportUrlBuilderTests.gs
└─ tests_unit\repairs\FinanceFinalizeTests.gs
└─ tests_unit\repairs\FinanceMarketMetricsTests.gs
└─ tests_unit\repairs\RepairFinanceModelTests.gs
└─ tests_unit\repairs\RepairFinanceSlideCfeSourceTests.gs
└─ tests_unit\setup\InputDesignInPlaceWipeTests.gs
└─ tests_unit\setup\SetupSectionGuardTests.gs
└─ tests_unit\standards\ElecTablesTests.gs
└─ tests_unit\standards\NomBessConstantsTests.gs
└─ tests_unit\templates\BomTemplateTests.gs
└─ tests_unit\templates\CfeOutputTemplateTests.gs
└─ tests_unit\templates\InstallationTemplateTests.gs
└─ tests_unit\templates\LayoutPrimitivesTests.gs
└─ tests_unit\templates\ProjectCardTemplateTests.gs
└─ tests_unit\templates\RfqRegistryTests.gs
└─ tests_unit\templates\RfqTemplateTests.gs
└─ tests_unit\templates\TemplateRegistryTests.gs
└─ tests_unit\wiring\BessPickerWiringTests.gs
└─ tests_unit\wiring\ProgressDialogTests.gs
└─ tests_unit\writers_v2\ApiOutputV2Tests.gs
└─ tests_unit\writers_v2\BomDbHelpersTests.gs
└─ tests_unit\writers_v2\CfeOutputSourceMapTests.gs
└─ tests_unit\writers_v2\CfeStrategyExplainerTests.gs
└─ tests_unit\writers_v2\InterconnModeSingleSourceTests.gs
└─ tests_unit\writers_v2\RfqBomReaderTests.gs
└─ tests_unit\writers_v2\WriteBomV2Tests.gs
└─ tests_unit\writers_v2\WriteCfeOutputV2Tests.gs
└─ tests_unit\writers_v2\WriteInstallationV2Tests.gs
└─ tests_unit\writers_v2\WriteMdcV2CitationBugTests.gs
└─ tests_unit\writers_v2\WriteMdcV2Tests.gs
└─ tests_unit\writers_v2\WriteProjectCardV2Tests.gs
└─ tests_unit\writers_v2\WriteRfqV2Tests.gs
└─ tests_unit\writers\BaasProjectionTests.gs
└─ tests_unit\writers\Batch2GuardTests.gs
└─ tests_unit\writers\CaptureBlockTests.gs
└─ tests_unit\writers\CfeOutputChunk5Tests.gs
└─ tests_unit\writers\ClientFinancialsWriterTests.gs
└─ tests_unit\writers\InstallNoteTests.gs
└─ tests_unit\writers\ResilienceBlockTests.gs
└─ writers_v2\helpers\BomDbHelpers.js
└─ writers_v2\helpers\CfeOutputSourceMap.js
└─ writers_v2\helpers\RfqBomReader.js
└─ writers_v2\WriteApiOutputV2.js
└─ writers_v2\WriteBaasProjectionV2.js
└─ writers_v2\WriteBomV2.js
└─ writers_v2\WriteCfeOutputV2_Chunk5.js
└─ writers_v2\WriteCfeOutputV2.js
└─ writers_v2\WriteClientFinancialsV2.js
└─ writers_v2\WriteInstallationV2.js
└─ writers_v2\WriteMdcV2.js
└─ writers_v2\WriteProjectCardV2.js
└─ writers_v2\WriteRfqV2.js
